<?xml version="1.0" encoding="UTF-8"?>
<testng-results skipped="0" failed="1" ignored="0" total="3" passed="2">
  <reporter-output>
  </reporter-output>
  <suite name="Suite" duration-ms="16618" started-at="2019-11-28T12:25:54Z" finished-at="2019-11-28T12:26:11Z">
    <groups>
      <group name="sanity">
        <method signature="LoginTest_001.loginTest()[pri:0, instance:com.epam.tests.LoginTest_001@441772e]" name="loginTest" class="com.epam.tests.LoginTest_001"/>
      </group> <!-- sanity -->
    </groups>
    <test name="Test1" duration-ms="16373" started-at="2019-11-28T12:25:54Z" finished-at="2019-11-28T12:26:10Z">
      <class name="com.epam.tests.ParallelTest1">
        <test-method status="PASS" signature="initBrowser(java.lang.String)[pri:0, instance:com.epam.tests.ParallelTest1@1d9b7cce]" name="initBrowser" is-config="true" duration-ms="4804" started-at="2019-11-28T12:25:54Z" finished-at="2019-11-28T12:25:59Z">
          <params>
            <param index="0">
              <value>
                <![CDATA[chrome]]>
              </value>
            </param>
          </params>
          <reporter-output>
          </reporter-output>
        </test-method> <!-- initBrowser -->
        <test-method status="PASS" signature="test1()[pri:0, instance:com.epam.tests.ParallelTest1@1d9b7cce]" name="test1" duration-ms="9066" started-at="2019-11-28T12:25:59Z" finished-at="2019-11-28T12:26:08Z">
          <reporter-output>
          </reporter-output>
        </test-method> <!-- test1 -->
        <test-method status="PASS" signature="tearDown()[pri:0, instance:com.epam.tests.ParallelTest1@1d9b7cce]" name="tearDown" is-config="true" duration-ms="2312" started-at="2019-11-28T12:26:08Z" finished-at="2019-11-28T12:26:10Z">
          <reporter-output>
          </reporter-output>
        </test-method> <!-- tearDown -->
      </class> <!-- com.epam.tests.ParallelTest1 -->
      <class name="com.epam.tests.LoginTest_001">
        <test-method status="PASS" signature="initBrowser(java.lang.String)[pri:0, instance:com.epam.tests.LoginTest_001@441772e]" name="initBrowser" is-config="true" duration-ms="4843" started-at="2019-11-28T12:25:54Z" finished-at="2019-11-28T12:25:59Z">
          <params>
            <param index="0">
              <value>
                <![CDATA[chrome]]>
              </value>
            </param>
          </params>
          <reporter-output>
          </reporter-output>
        </test-method> <!-- initBrowser -->
        <test-method status="PASS" signature="loginTest()[pri:0, instance:com.epam.tests.LoginTest_001@441772e]" name="loginTest" duration-ms="7684" started-at="2019-11-28T12:25:59Z" finished-at="2019-11-28T12:26:07Z">
          <reporter-output>
          </reporter-output>
        </test-method> <!-- loginTest -->
        <test-method status="PASS" signature="tearDown()[pri:0, instance:com.epam.tests.LoginTest_001@441772e]" name="tearDown" is-config="true" duration-ms="492" started-at="2019-11-28T12:26:07Z" finished-at="2019-11-28T12:26:07Z">
          <reporter-output>
          </reporter-output>
        </test-method> <!-- tearDown -->
      </class> <!-- com.epam.tests.LoginTest_001 -->
      <class name="com.epam.tests.CreateNewCustomer_002">
        <test-method status="PASS" signature="initBrowser(java.lang.String)[pri:0, instance:com.epam.tests.CreateNewCustomer_002@7334aada]" name="initBrowser" is-config="true" duration-ms="4539" started-at="2019-11-28T12:25:54Z" finished-at="2019-11-28T12:25:59Z">
          <params>
            <param index="0">
              <value>
                <![CDATA[chrome]]>
              </value>
            </param>
          </params>
          <reporter-output>
          </reporter-output>
        </test-method> <!-- initBrowser -->
        <test-method status="FAIL" signature="registerNewCustomer(java.util.Map)[pri:0, instance:com.epam.tests.CreateNewCustomer_002@7334aada]" name="registerNewCustomer" duration-ms="11020" started-at="2019-11-28T12:25:59Z" data-provider="CustomerData" finished-at="2019-11-28T12:26:10Z">
          <params>
            <param index="0">
              <value>
                <![CDATA[{date=25, address=Pragathi Residency, gender=male, year=2005, city=Hyderabad, mobile=6599842449, month=12, pin=500049, customerPassword=Test1234, cusromerName=fffff, state=Telangana, email=rvinod22@gmail.com}]]>
              </value>
            </param>
          </params>
          <exception class="java.lang.AssertionError">
            <message>
              <![CDATA[expected [true] but found [false]]]>
            </message>
            <full-stacktrace>
              <![CDATA[java.lang.AssertionError: expected [true] but found [false]
at org.testng.Assert.fail(Assert.java:96)
at org.testng.Assert.failNotEquals(Assert.java:776)
at org.testng.Assert.assertTrue(Assert.java:44)
at org.testng.Assert.assertTrue(Assert.java:54)
at com.epam.tests.CreateNewCustomer_002.registerNewCustomer(CreateNewCustomer_002.java:93)
at sun.reflect.NativeMethodAccessorImpl.invoke0(Native Method)
at sun.reflect.NativeMethodAccessorImpl.invoke(NativeMethodAccessorImpl.java:62)
at sun.reflect.DelegatingMethodAccessorImpl.invoke(DelegatingMethodAccessorImpl.java:43)
at java.lang.reflect.Method.invoke(Method.java:498)
at org.testng.internal.MethodInvocationHelper.invokeMethod(MethodInvocationHelper.java:124)
at org.testng.internal.Invoker.invokeMethod(Invoker.java:583)
at org.testng.internal.Invoker.invokeTestMethod(Invoker.java:719)
at org.testng.internal.Invoker.invokeTestMethods(Invoker.java:989)
at org.testng.internal.TestMethodWorker.invokeTestMethods(TestMethodWorker.java:125)
at org.testng.internal.TestMethodWorker.run(TestMethodWorker.java:109)
at java.util.concurrent.ThreadPoolExecutor.runWorker(ThreadPoolExecutor.java:1149)
at java.util.concurrent.ThreadPoolExecutor$Worker.run(ThreadPoolExecutor.java:624)
at java.lang.Thread.run(Thread.java:748)
]]>
            </full-stacktrace>
          </exception> <!-- java.lang.AssertionError -->
          <reporter-output>
          </reporter-output>
        </test-method> <!-- registerNewCustomer -->
        <test-method status="PASS" signature="tearDown()[pri:0, instance:com.epam.tests.CreateNewCustomer_002@7334aada]" name="tearDown" is-config="true" duration-ms="83" started-at="2019-11-28T12:26:10Z" finished-at="2019-11-28T12:26:10Z">
          <reporter-output>
          </reporter-output>
        </test-method> <!-- tearDown -->
      </class> <!-- com.epam.tests.CreateNewCustomer_002 -->
    </test> <!-- Test1 -->
    <test name="Test2" duration-ms="12" started-at="2019-11-28T12:26:11Z" finished-at="2019-11-28T12:26:11Z">
    </test> <!-- Test2 -->
  </suite> <!-- Suite -->
</testng-results>
